app/build/outputs/mapping/debug/seeds.txt
com.example.gamecatalogue.favorite.FavoriteActivity
com.example.gamecatalogue.presentation.favorite.FavoriteFragment
com.example.gamecatalogue.MyApplication
com.example.gamecatalogue.presentation.detail.DetailActivity
com.example.gamecatalogue.core.data.source.local.room.GameDatabase
com.example.gamecatalogue.core.data.source.remote.network.ApiService
com.example.gamecatalogue.presentation.profile.ProfileFragment
com.example.gamecatalogue.MainActivity
com.example.gamecatalogue.core.data.source.local.room.GameDatabase_Impl
com.example.gamecatalogue.presentation.home.HomeFragment
com.example.gamecatalogue.core.data.source.remote.response.GameResponse: java.lang.Boolean tba
com.example.gamecatalogue.core.data.source.remote.response.Reactions: java.lang.Integer jsonMember1
com.example.gamecatalogue.core.data.source.remote.response.GameDetailResponse: java.lang.Integer reviewsTextCount
com.example.gamecatalogue.core.data.source.remote.response.GameDetailResponse: com.example.gamecatalogue.core.data.source.remote.response.Reactions reactions
com.example.gamecatalogue.core.data.source.remote.response.GameDetailResponse: com.example.gamecatalogue.core.data.source.remote.response.EsrbRating esrbRating
com.example.gamecatalogue.core.data.source.remote.response.GameDetailResponse: java.util.List stores
com.example.gamecatalogue.core.data.source.remote.response.GameDetailResponse: java.lang.Object userGame
com.example.gamecatalogue.core.data.source.remote.response.GameResponse: java.lang.String slug
com.example.gamecatalogue.core.data.source.remote.response.GameDetailResponse: java.util.List tags
com.example.gamecatalogue.core.data.source.remote.response.GameDetailResponse: java.lang.String name
com.example.gamecatalogue.core.data.source.remote.response.GameResponse: java.lang.Integer ratingsCount
com.example.gamecatalogue.core.data.source.remote.response.GameDetailResponse: java.util.List metacriticPlatforms
com.example.gamecatalogue.core.data.source.remote.response.GameDetailResponse: java.lang.Integer ratingTop
com.example.gamecatalogue.core.data.source.remote.response.AddedByStatus: java.lang.Integer yet
com.example.gamecatalogue.core.data.source.remote.response.GameDetailResponse: java.lang.Integer added
com.example.gamecatalogue.core.data.source.remote.response.Reactions: java.lang.Integer jsonMember16
com.example.gamecatalogue.core.data.source.remote.response.GameResponse: java.util.List stores
com.example.gamecatalogue.core.data.source.remote.response.GameDetailResponse: com.example.gamecatalogue.core.data.source.remote.response.AddedByStatus addedByStatus
com.example.gamecatalogue.core.data.source.remote.response.GameResponse: double rating
com.example.gamecatalogue.core.data.source.remote.response.GameResponse: java.util.List ratings
com.example.gamecatalogue.core.data.source.remote.response.GameResponse: java.lang.Integer ratingTop
com.example.gamecatalogue.core.data.source.remote.response.GameResponse: java.lang.Integer reviewsCount
com.example.gamecatalogue.core.data.source.remote.response.Reactions: java.lang.Integer jsonMember10
com.example.gamecatalogue.core.data.source.remote.response.GameResponse: java.lang.String name
com.example.gamecatalogue.core.data.source.remote.response.GameDetailResponse: java.lang.String redditName
com.example.gamecatalogue.core.data.source.remote.response.ListGameResponse: java.lang.Boolean nofollow
com.example.gamecatalogue.core.data.source.remote.response.GameDetailResponse: java.lang.Integer achievementsCount
com.example.gamecatalogue.core.data.source.remote.response.GameResponse: java.lang.Integer playtime
com.example.gamecatalogue.core.data.source.remote.response.Reactions: java.lang.Integer jsonMember21
com.example.gamecatalogue.core.data.source.remote.response.GameResponse: java.lang.String saturatedColor
com.example.gamecatalogue.core.data.source.remote.response.Reactions: java.lang.Integer jsonMember8
...
com.google.android.material.card.MaterialCardView: int getStrokeWidth()
com.google.android.material.textfield.TextInputLayout: void setCounterTextAppearance(int)
net.sqlcipher.CursorWindow$1: java.lang.Object[] newArray(int)
com.google.android.material.textfield.TextInputEditText: com.google.android.material.textfield.TextInputLayout getTextInputLayout()
leakcanary.KeyedWeakReference: KeyedWeakReference(java.lang.Object,java.lang.String,java.lang.String,long,java.lang.ref.ReferenceQueue)
com.google.android.material.bottomnavigation.BottomNavigationItemView: void setEnabled(boolean)
net.sqlcipher.database.SQLiteProgram: void compile(java.lang.String,boolean)
net.sqlcipher.database.SQLiteOpenHelper: net.sqlcipher.database.SQLiteDatabase getReadableDatabase(byte[])
net.sqlcipher.DatabaseErrorHandler: void onCorruption(net.sqlcipher.database.SQLiteDatabase)
androidx.appcompat.widget.AppCompatToggleButton: android.graphics.PorterDuff$Mode getSupportBackgroundTintMode()
net.sqlcipher.database.SQLiteContentHelper: android.os.MemoryFile simpleQueryForBlobMemoryFile(net.sqlcipher.database.SQLiteDatabase,java.lang.String,java.lang.String[])
androidx.appcompat.widget.ActionBarOverlayLayout: void setOverlayMode(boolean)
androidx.appcompat.widget.AppCompatMultiAutoCompleteTextView: void setBackgroundResource(int)
com.google.gson.internal.bind.TypeAdapters$2: TypeAdapters$2()
androidx.loader.app.LoaderManagerImpl$LoaderViewModel: LoaderManagerImpl$LoaderViewModel()
kotlin.reflect.jvm.internal.impl.metadata.ProtoBuf$VersionRequirement$Level: kotlin.reflect.jvm.internal.impl.metadata.ProtoBuf$VersionRequirement$Level valueOf(java.lang.String)
com.google.android.material.button.MaterialButton: void setBackgroundTintMode(android.graphics.PorterDuff$Mode)
androidx.appcompat.widget.ActionBarOverlayLayout: void setShowingForActionMode(boolean)
com.google.android.material.button.MaterialButton: void setStrokeColor(android.content.res.ColorStateList)
net.sqlcipher.database.SQLiteDatabase: void loadLibs(android.content.Context,java.io.File,net.sqlcipher.database.SQLiteDatabase$LibraryLoader)
kotlin.reflect.jvm.internal.impl.load.java.AnnotationTypeQualifierResolver$QualifierApplicabilityType: kotlin.reflect.jvm.internal.impl.load.java.AnnotationTypeQualifierResolver$QualifierApplicabilityType valueOf(java.lang.String)
kotlin.reflect.jvm.internal.impl.descriptors.annotations.AnnotationUseSiteTarget: kotlin.reflect.jvm.internal.impl.descriptors.annotations.AnnotationUseSiteTarget[] values()
net.sqlcipher.database.SQLiteQueryStats: long getTotalQueryResultSize()
com.google.android.material.bottomnavigation.BottomNavigationView: android.view.MenuInflater getMenuInflater()
androidx.appcompat.widget.AppCompatButton: int getAutoSizeMinTextSize()
com.google.android.material.bottomappbar.BottomAppBar: androidx.appcompat.widget.ActionMenuView getActionMenuView()
androidx.appcompat.widget.AppCompatMultiAutoCompleteTextView: void setBackgroundDrawable(android.graphics.drawable.Drawable)
com.google.android.material.internal.NavigationMenuItemView: NavigationMenuItemView(android.content.Context,android.util.AttributeSet)
net.sqlcipher.AbstractCursor: void notifyDataSetChange()
com.google.android.material.textfield.TextInputLayout: com.google.android.material.internal.CheckableImageButton getEndIconView()
com.google.android.material.bottomnavigation.BottomNavigationItemView: void setItemPosition(int)
com.google.android.material.timepicker.RadialViewGroup: RadialViewGroup(android.content.Context,android.util.AttributeSet)
net.sqlcipher.SQLException: SQLException(java.lang.String)
net.sqlcipher.database.SQLiteDatabase: net.sqlcipher.database.SQLiteDatabase openOrCreateDatabase(java.lang.String,char[],net.sqlcipher.database.SQLiteDatabase$CursorFactory,net.sqlcipher.database.SQLiteDatabaseHook)
net.sqlcipher.database.SQLiteQuery: int fillWindow(net.sqlcipher.CursorWindow,int,int)