app/build/outputs/mapping/debug/mapping.txt
# compiler: R8
# compiler_version: 2.2.66
# min_api: 30
# pg_map_id: 108f8a8
# common_typos_disable
com.example.gamecatalogue.MainActivity -> com.example.gamecatalogue.MainActivity:
    com.example.gamecatalogue.databinding.ActivityMainBinding binding -> t
    12:12:void <init>() -> <init>
    17:39:void onCreate(android.os.Bundle) -> onCreate
com.example.gamecatalogue.MainActivity$inlined$sam$i$androidx_navigation_ui_AppBarConfiguration_OnNavigateUpListener$0 -> d.b.a.a:
    kotlin.jvm.functions.Function0 function -> a
com.example.gamecatalogue.MainActivity$onCreate$$inlined$AppBarConfiguration$default$1 -> com.example.gamecatalogue.MainActivity$a:
    com.example.gamecatalogue.MainActivity$onCreate$$inlined$AppBarConfiguration$default$1 INSTANCE -> g
    94:94:boolean invoke() -> a
    java.lang.Object invoke() -> f
com.example.gamecatalogue.MyApplication -> com.example.gamecatalogue.MyApplication:
    15:15:void <init>() -> <init>
    17:31:void onCreate() -> onCreate
com.example.gamecatalogue.MyApplication$onCreate$1 -> com.example.gamecatalogue.MyApplication$a:
    com.example.gamecatalogue.MyApplication this$0 -> g
    19:30:void invoke(org.koin.core.KoinApplication) -> a
    18:18:java.lang.Object invoke(java.lang.Object) -> invoke
com.example.gamecatalogue.core.data.-$$Lambda$GameRepository$KQpW7tB9bIzNJsn2wJOmp_scLso -> d.b.a.b.a.a:
# {"id":"sourceFile","fileName":"lambda"}
    com.example.gamecatalogue.core.data.GameRepository f$0 -> f
    com.example.gamecatalogue.core.data.source.local.entity.GameEntity f$1 -> g
    boolean f$2 -> h
com.example.gamecatalogue.core.data.GameRepository -> d.b.a.b.a.b:
    com.example.gamecatalogue.core.utils.AppExecutors appExecutors -> c
    com.example.gamecatalogue.core.data.source.local.LocalDataSource localDataSource -> b
    com.example.gamecatalogue.core.data.source.remote.RemoteDataSource remoteDataSource -> a
    18:21:void <init>(com.example.gamecatalogue.core.data.source.remote.RemoteDataSource,com.example.gamecatalogue.core.data.source.local.LocalDataSource,com.example.gamecatalogue.core.utils.AppExecutors) -> <init>
    68:82:kotlinx.coroutines.flow.Flow getFavoriteGame() -> a
    25:44:kotlinx.coroutines.flow.Flow getAllGame() -> b
    74:76:void setFavoriteGame(com.example.gamecatalogue.core.domain.model.Game,boolean) -> c
    47:64:kotlinx.coroutines.flow.Flow getDetailGame(int) -> d
    18:18:com.example.gamecatalogue.core.data.source.local.LocalDataSource access$getLocalDataSource$p(com.example.gamecatalogue.core.data.GameRepository) -> e
    18:18:com.example.gamecatalogue.core.data.source.remote.RemoteDataSource access$getRemoteDataSource$p(com.example.gamecatalogue.core.data.GameRepository) -> f
    void lambda$KQpW7tB9bIzNJsn2wJOmp_scLso(com.example.gamecatalogue.core.data.GameRepository,com.example.gamecatalogue.core.data.source.local.entity.GameEntity,boolean) -> g
    75:75:void setFavoriteGame$lambda-1(com.example.gamecatalogue.core.data.GameRepository,com.example.gamecatalogue.core.data.source.local.entity.GameEntity,boolean) -> h
com.example.gamecatalogue.core.data.GameRepository$getAllGame$1 -> d.b.a.b.a.b$a:
    com.example.gamecatalogue.core.data.GameRepository this$0 -> b
    25:25:void <init>(com.example.gamecatalogue.core.data.GameRepository) -> <init>
    37:37:java.lang.Object createCall(kotlin.coroutines.Continuation) -> b
    27:82:kotlinx.coroutines.flow.Flow loadFromDB() -> c
    25:25:java.lang.Object saveCallResult(java.lang.Object,kotlin.coroutines.Continuation) -> e
    25:25:boolean shouldFetch(java.lang.Object) -> f
    40:42:java.lang.Object saveCallResult(java.util.List,kotlin.coroutines.Continuation) -> g
    33:33:boolean shouldFetch(java.util.List) -> h
com.example.gamecatalogue.core.data.GameRepository$getAllGame$1$loadFromDB$$inlined$map$1 -> d.b.a.b.a.b$a$a:
    kotlinx.coroutines.flow.Flow $this_unsafeTransform$inlined -> a
    106:106:void <init>(kotlinx.coroutines.flow.Flow) -> <init>
    108:117:java.lang.Object collect(kotlinx.coroutines.flow.FlowCollector,kotlin.coroutines.Continuation) -> a
...
okhttp3.internal.http2.PushObserver -> h.h0.i.l:
    okhttp3.internal.http2.PushObserver CANCEL -> a
    75:75:void <clinit>() -> <clinit>
    boolean onRequest(int,java.util.List) -> a
    boolean onHeaders(int,java.util.List,boolean) -> b
    void onReset(int,okhttp3.internal.http2.ErrorCode) -> c
    boolean onData(int,okio.BufferedSource,int,boolean) -> d
okhttp3.internal.http2.PushObserver$Companion -> h.h0.i.l$a:
    74:74:void <init>() -> <init>
    74:74:void <init>(kotlin.jvm.internal.DefaultConstructorMarker) -> <init>
okhttp3.internal.http2.PushObserver$Companion$PushObserverCancel -> h.h0.i.l$a$a:
    76:76:void <init>() -> <init>
    79:79:boolean onRequest(int,java.util.List) -> a
    83:83:boolean onHeaders(int,java.util.List,boolean) -> b
    93:93:void onReset(int,okhttp3.internal.http2.ErrorCode) -> c
    88:89:boolean onData(int,okio.BufferedSource,int,boolean) -> d
okhttp3.internal.http2.Settings -> h.h0.i.m:
    int[] values -> b
    int set -> a
    22:28:void <init>() -> <init>
    66:66:int get(int) -> a
    33:34:int getHeaderTableSize() -> b
    39:40:int getInitialWindowSize() -> c
    78:79:int getMaxConcurrentStreams() -> d
    83:84:int getMaxFrameSize(int) -> e
    61:62:boolean isSet(int) -> f
    97:101:void merge(okhttp3.internal.http2.Settings) -> g
    49:56:okhttp3.internal.http2.Settings set(int,int) -> h
    69:69:int size() -> i
okhttp3.internal.http2.Settings$Companion -> h.h0.i.m$a:
    103:103:void <init>() -> <init>
    103:103:void <init>(kotlin.jvm.internal.DefaultConstructorMarker) -> <init>
okhttp3.internal.http2.StreamResetException -> h.h0.i.n:
    okhttp3.internal.http2.ErrorCode errorCode -> f
    21:21:void <init>(okhttp3.internal.http2.ErrorCode) -> <init>
okhttp3.internal.platform.Android10Platform -> h.h0.j.a:
    java.util.List socketAdapters -> f
    okhttp3.internal.platform.Android10Platform$Companion Companion -> e
    boolean isSupported -> d
    67:67:void <clinit>() -> <clinit>
    36:76:void <init>() -> <init>
    64:64:okhttp3.internal.tls.CertificateChainCleaner buildCertificateChainCleaner(javax.net.ssl.X509TrustManager) -> c
    51:73:void configureTlsExtensions(javax.net.ssl.SSLSocket,java.lang.String,java.util.List) -> e
    57:73:java.lang.String getSelectedProtocol(javax.net.ssl.SSLSocket) -> g
    61:61:boolean isCleartextTrafficPermitted(java.lang.String) -> i
    36:36:boolean access$isSupported$cp() -> p
okhttp3.internal.platform.Android10Platform$Companion -> h.h0.j.a$a:
    66:66:void <init>() -> <init>
    66:66:void <init>(kotlin.jvm.internal.DefaultConstructorMarker) -> <init>
    69:69:okhttp3.internal.platform.Platform buildIfSupported() -> a
    67:67:boolean isSupported() -> b
okhttp3.internal.platform.AndroidPlatform -> h.h0.j.b:
    okhttp3.internal.platform.AndroidPlatform$Companion Companion -> e
    boolean isSupported -> d
    148:150:void <clinit>() -> <clinit>
    45:45:boolean access$isSupported$cp() -> p
okhttp3.internal.platform.AndroidPlatform$Companion -> h.h0.j.b$a:
    147:147:void <init>() -> <init>
    147:147:void <init>(kotlin.jvm.internal.DefaultConstructorMarker) -> <init>
    160:160:okhttp3.internal.platform.Platform buildIfSupported() -> a
    148:148:boolean isSupported() -> b
okhttp3.internal.platform.BouncyCastlePlatform -> h.h0.j.c:
    java.security.Provider provider -> f
    okhttp3.internal.platform.BouncyCastlePlatform$Companion Companion -> e
    boolean isSupported -> d
    85:91:void <clinit>() -> <clinit>
    34:35:void <init>() -> <init>
    34:34:void <init>(kotlin.jvm.internal.DefaultConstructorMarker) -> <init>
    60:99:void configureTlsExtensions(javax.net.ssl.SSLSocket,java.lang.String,java.util.List) -> e
    74:82:java.lang.String getSelectedProtocol(javax.net.ssl.SSLSocket) -> g
    38:38:javax.net.ssl.SSLContext newSSLContext() -> m
    41:48:javax.net.ssl.X509TrustManager platformTrustManager() -> o
    34:34:boolean access$isSupported$cp() -> p