app/build/outputs/mapping/debug/usage.txt
com.example.gamecatalogue.BuildConfig
com.example.gamecatalogue.MainActivity$inlined$sam$i$androidx_navigation_ui_AppBarConfiguration_OnNavigateUpListener$0:
    public final synthetic boolean onNavigateUp()
com.example.gamecatalogue.R$anim
com.example.gamecatalogue.R$animator
com.example.gamecatalogue.R$attr
com.example.gamecatalogue.R$bool
com.example.gamecatalogue.R$color
com.example.gamecatalogue.R$dimen
com.example.gamecatalogue.R$drawable
com.example.gamecatalogue.R$id
com.example.gamecatalogue.R$integer
com.example.gamecatalogue.R$interpolator
com.example.gamecatalogue.R$layout
com.example.gamecatalogue.R$menu
com.example.gamecatalogue.R$mipmap
com.example.gamecatalogue.R$navigation
com.example.gamecatalogue.R$plurals
com.example.gamecatalogue.R$string
com.example.gamecatalogue.R$style
com.example.gamecatalogue.R$styleable
com.example.gamecatalogue.R$xml
com.example.gamecatalogue.R
com.example.gamecatalogue.core.BuildConfig
com.example.gamecatalogue.core.R$anim
com.example.gamecatalogue.core.R$animator
com.example.gamecatalogue.core.R$attr
com.example.gamecatalogue.core.R$bool
com.example.gamecatalogue.core.R$color
com.example.gamecatalogue.core.R$dimen
com.example.gamecatalogue.core.R$drawable
com.example.gamecatalogue.core.R$id:
    public static final int BOTTOM_END
    public static final int BOTTOM_START
    public static final int NO_DEBUG
    public static final int SHOW_ALL
    public static final int SHOW_PATH
    public static final int SHOW_PROGRESS
    public static final int TOP_END
    public static final int TOP_START
    public static final int accelerate
    public static final int accessibility_action_clickable_span
    public static final int accessibility_custom_action_0
    public static final int accessibility_custom_action_1
    public static final int accessibility_custom_action_10
    public static final int accessibility_custom_action_11
    public static final int accessibility_custom_action_12
    public static final int accessibility_custom_action_13
    public static final int accessibility_custom_action_14
    public static final int accessibility_custom_action_15
    public static final int accessibility_custom_action_16
    public static final int accessibility_custom_action_17
    public static final int accessibility_custom_action_18
    public static final int accessibility_custom_action_19
    public static final int accessibility_custom_action_2
    public static final int accessibility_custom_action_20
    public static final int accessibility_custom_action_21
    public static final int accessibility_custom_action_22
    public static final int accessibility_custom_action_23
com.example.gamecatalogue.core.R$integer
com.example.gamecatalogue.core.R$interpolator
...
androidx.appcompat.app.AppCompatDelegate:
    static final boolean DEBUG
    public static final int FEATURE_ACTION_MODE_OVERLAY
    public static final int FEATURE_SUPPORT_ACTION_BAR
    public static final int FEATURE_SUPPORT_ACTION_BAR_OVERLAY
    public static final int MODE_NIGHT_AUTO
    public static final int MODE_NIGHT_AUTO_BATTERY
    public static final int MODE_NIGHT_AUTO_TIME
    public static final int MODE_NIGHT_FOLLOW_SYSTEM
    public static final int MODE_NIGHT_NO
    public static final int MODE_NIGHT_UNSPECIFIED
    public static final int MODE_NIGHT_YES
    static final java.lang.String TAG
    public abstract boolean applyDayNight()
    private static void applyDayNightToActiveDelegates()
    public static androidx.appcompat.app.AppCompatDelegate create(android.content.Context,android.app.Activity,androidx.appcompat.app.AppCompatCallback)
    public static androidx.appcompat.app.AppCompatDelegate create(android.content.Context,android.view.Window,androidx.appcompat.app.AppCompatCallback)
    public abstract android.view.View createView(android.view.View,java.lang.String,android.content.Context,android.util.AttributeSet)
    public abstract boolean hasWindowFeature(int)
    public static boolean isCompatVectorFromResourcesEnabled()
    public abstract boolean isHandleNativeActionModesEnabled()
    public static void setCompatVectorFromResourcesEnabled(boolean)
    public static void setDefaultNightMode(int)
androidx.appcompat.app.AppCompatDelegateImpl$ActionBarDrawableToggleImpl:
    public android.graphics.drawable.Drawable getThemeUpIndicator()
    public boolean isNavigationVisible()
    public void setActionBarDescription(int)
androidx.appcompat.app.AppCompatDelegateImpl$Api17Impl:
    private void <init>()
androidx.appcompat.app.AppCompatDelegateImpl$Api21Impl:
    private void <init>()
androidx.appcompat.app.AppCompatDelegateImpl$Api24Impl:
    private void <init>()
androidx.appcompat.app.AppCompatDelegateImpl$Api26Impl:
    private void <init>()
androidx.appcompat.app.AppCompatDelegateImpl$AutoNightModeManager:
    boolean isListening()
androidx.appcompat.app.AppCompatDelegateImpl$ContextThemeWrapperCompatApi17Impl:
    private void <init>()
androidx.appcompat.app.AppCompatDelegateImpl$PanelFeatureState$SavedState$1
androidx.appcompat.app.AppCompatDelegateImpl$PanelFeatureState$SavedState
androidx.appcompat.app.AppCompatDelegateImpl$PanelFeatureState:
    android.os.Bundle frozenMenuState
    boolean wasLastOpen
    void applyFrozenState()
    public void clearMenuPresenters()
    void onRestoreInstanceState(android.os.Parcelable)
    android.os.Parcelable onSaveInstanceState()
androidx.appcompat.app.AppCompatDelegateImpl:
    static final java.lang.String EXCEPTION_HANDLER_MESSAGE_SUFFIX
    void <init>(android.content.Context,android.app.Activity,androidx.appcompat.app.AppCompatCallback)
    void <init>(android.content.Context,android.view.Window,androidx.appcompat.app.AppCompatCallback)
    final androidx.appcompat.app.AppCompatDelegateImpl$AutoNightModeManager getAutoTimeNightModeManager()
    android.view.ViewGroup getSubDecor()
    public boolean hasWindowFeature(int)
    public void setHandleNativeActionModesEnabled(boolean)
    public void setLocalNightMode(int)
    public void setSupportActionBar(androidx.appcompat.widget.Toolbar)
androidx.appcompat.app.AppCompatDialog:
    public void <init>(android.content.Context)
    protected void <init>(android.content.Context,boolean,android.content.DialogInterface$OnCancelListener)
    public androidx.appcompat.app.ActionBar getSupportActionBar()
androidx.appcompat.app.AppCompatDialogFragment
androidx.appcompat.app.AppCompatViewInflater:
    private static final java.lang.String LOG_TAG
androidx.appcompat.app.NavItemSelectedListener
androidx.appcompat.app.ResourcesFlusher:
    private static final java.lang.String TAG
    private void <init>()